<?xml version="1.0" encoding="UTF-8"?>
<!-- Generated by org.testng.reporters.JUnitReportReporter -->
<testsuite hostname="INBLRLT4041" failures="0" tests="2" name="ExecutionOrder.TestCaseGrouping" time="0.007" errors="0" timestamp="2022-06-23T09:36:27 IST" skipped="0">
  <testcase classname="ExecutionOrder.TestCaseGrouping" name="testCaseOne" time="0.006"/>
  <system-out/>
  <testcase classname="ExecutionOrder.TestCaseGrouping" name="testCaseTwo" time="0.001"/>
  <system-out/>
</testsuite> <!-- ExecutionOrder.TestCaseGrouping -->
