<?xml version="1.0" encoding="UTF-8"?>
<!-- Generated by org.testng.reporters.JUnitReportReporter -->
<testsuite hostname="INBLRLT4041" failures="0" tests="2" name="Testing.SampleTest2" time="0.001" errors="0" timestamp="2022-06-20T16:31:20 IST" skipped="0">
  <testcase classname="Testing.SampleTest2" name="sampleTestTwoMethodTwo" time="0.000"/>
  <system-out/>
  <testcase classname="Testing.SampleTest2" name="sampleTestTwoMethodOne" time="0.001"/>
  <system-out/>
</testsuite> <!-- Testing.SampleTest2 -->
