<?xml version="1.0" encoding="UTF-8"?>
<!-- Generated by org.testng.reporters.JUnitReportReporter -->
<testsuite hostname="INBLRLT4041" failures="0" tests="1" name="DataProviderITestContext.Acceptance" time="0.005" errors="0" timestamp="2022-06-23T16:23:27 IST" skipped="0">
  <testcase classname="DataProviderITestContext.Acceptance" name="acceptancetest" time="0.005"/>
  <system-out/>
</testsuite> <!-- DataProviderITestContext.Acceptance -->
