<?xml version="1.0" encoding="UTF-8"?>
<!-- Generated by org.testng.reporters.JUnitReportReporter -->
<testsuite hostname="INBLRLT4041" failures="0" tests="4" name="ExecutionOrder.SkippingExample" time="0.009" errors="0" timestamp="2022-06-20T17:15:24 IST" skipped="2">
  <testcase classname="ExecutionOrder.SkippingExample" name="testOne" time="0.000"/>
  <system-out/>
  <testcase classname="ExecutionOrder.SkippingExample" name="testFour" time="0.008"/>
  <system-out/>
  <testcase classname="ExecutionOrder.SkippingExample" name="testThree" time="0.001">
    <skipped/>
  </testcase> <!-- testThree -->
  <system-out/>
  <testcase classname="ExecutionOrder.SkippingExample" name="testTwo">
    <skipped/>
  </testcase> <!-- testTwo -->
  <system-out/>
</testsuite> <!-- ExecutionOrder.SkippingExample -->
