<?xml version="1.0" encoding="UTF-8"?>
<!-- Generated by org.testng.reporters.JUnitReportReporter -->
<testsuite hostname="INBLRLT4041" failures="0" tests="1" name="DataProviderITestContext.UnitTest" time="0.001" errors="0" timestamp="2022-06-23T16:23:27 IST" skipped="0">
  <testcase classname="DataProviderITestContext.UnitTest" name="unittest" time="0.001"/>
  <system-out/>
</testsuite> <!-- DataProviderITestContext.UnitTest -->
