<?xml version="1.0" encoding="UTF-8"?>
<!-- Generated by org.testng.reporters.JUnitReportReporter -->
<testsuite hostname="INBLRLT4041" failures="0" tests="2" name="Testing.SampleTest1" time="0.000" errors="0" timestamp="2022-06-20T16:31:20 IST" skipped="0">
  <testcase classname="Testing.SampleTest1" name="sampleTestOneMethodOne" time="0.000"/>
  <system-out/>
  <testcase classname="Testing.SampleTest1" name="sampleTestOneMethodTwo" time="0.000"/>
  <system-out/>
</testsuite> <!-- Testing.SampleTest1 -->
