<?xml version="1.0" encoding="UTF-8"?>
<!-- Generated by org.testng.reporters.JUnitReportReporter -->
<testsuite hostname="INBLRLT4041" failures="0" tests="3" name="FacebookLogin" time="0.006" errors="0" timestamp="2022-06-20T16:31:20 IST" skipped="0">
  <testcase classname="FacebookLogin" name="loginWithValidCredentials" time="0.000"/>
  <system-out/>
  <testcase classname="FacebookLogin" name="loginWithInValidUserName" time="0.001"/>
  <system-out/>
  <testcase classname="FacebookLogin" name="loginWithInValidCredentials" time="0.005"/>
  <system-out/>
</testsuite> <!-- FacebookLogin -->
