<?xml version="1.0" encoding="UTF-8"?>
<!-- Generated by org.testng.reporters.JUnitReportReporter -->
<testsuite hostname="INBLRLT4041" failures="0" tests="3" name="DataProviderITestContext.DataProviderExm" time="0.006" errors="0" timestamp="2022-06-23T15:39:50 IST" skipped="0">
  <testcase classname="DataProviderITestContext.DataProviderExm" name="Scene1" time="0.000"/>
  <system-out/>
  <testcase classname="DataProviderITestContext.DataProviderExm" name="Common" time="0.005"/>
  <system-out/>
  <testcase classname="DataProviderITestContext.DataProviderExm" name="Scene2" time="0.001"/>
  <system-out/>
</testsuite> <!-- DataProviderITestContext.DataProviderExm -->
