<?xml version="1.0" encoding="UTF-8"?>
<!-- Generated by org.testng.reporters.JUnitReportReporter -->
<testsuite hostname="INBLRLT4041" failures="0" tests="4" name="ExecutionOrder.Priority" time="0.010" errors="0" timestamp="2022-06-20T17:28:41 IST" skipped="0">
  <testcase classname="ExecutionOrder.Priority" name="testOne" time="0.007"/>
  <system-out/>
  <testcase classname="ExecutionOrder.Priority" name="testTwo" time="0.001"/>
  <system-out/>
  <testcase classname="ExecutionOrder.Priority" name="testThree" time="0.001"/>
  <system-out/>
  <testcase classname="ExecutionOrder.Priority" name="testFour" time="0.001"/>
  <system-out/>
</testsuite> <!-- ExecutionOrder.Priority -->
