<?xml version="1.0" encoding="UTF-8"?>
<!-- Generated by org.testng.reporters.JUnitReportReporter -->
<testsuite hostname="INBLRLT4041" failures="0" tests="2" name="FacebookProfileTest" time="0.002" errors="0" timestamp="2022-06-20T16:31:20 IST" skipped="0">
  <testcase classname="FacebookProfileTest" name="checkProfileLink" time="0.001"/>
  <system-out/>
  <testcase classname="FacebookProfileTest" name="checkProfileLogo" time="0.001"/>
  <system-out/>
</testsuite> <!-- FacebookProfileTest -->
