<?xml version="1.0" encoding="UTF-8"?>
<!-- Generated by org.testng.reporters.JUnitReportReporter -->
<testsuite hostname="INBLRLT4041" failures="0" tests="2" name="TestParameterizationA.TestPArameter" time="0.008" errors="0" timestamp="2022-07-01T10:07:23 IST" skipped="0">
  <testcase classname="TestParameterizationA.TestPArameter" name="testwo" time="0.001"/>
  <system-out/>
  <testcase classname="TestParameterizationA.TestPArameter" name="testone" time="0.007"/>
  <system-out/>
</testsuite> <!-- TestParameterizationA.TestPArameter -->
