<?xml version="1.0" encoding="UTF-8"?>
<!-- Generated by org.testng.reporters.JUnitReportReporter -->
<testsuite hostname="INBLRLT4041" failures="0" tests="1" name="ExecutionOrder.AnnotationTest" time="0.007" errors="0" timestamp="2022-07-01T09:52:36 IST" skipped="0">
  <testcase classname="ExecutionOrder.AnnotationTest" name="first" time="0.007"/>
  <system-out/>
</testsuite> <!-- ExecutionOrder.AnnotationTest -->
