<?xml version="1.0" encoding="UTF-8"?>
<!-- Generated by org.testng.reporters.JUnitReportReporter -->
<testsuite hostname="INBLRLT4041" failures="0" tests="1" name="Streams.Lamdaex1" time="0.009" errors="0" timestamp="2022-06-30T15:13:42 IST" skipped="0">
  <testcase classname="Streams.Lamdaex1" name="regular" time="0.009"/>
  <system-out/>
</testsuite> <!-- Streams.Lamdaex1 -->
